<?xml version="1.0" encoding="UTF-8" ?>
<testsuite tests="1" failures="0" name="hellocucumber.RunCucumberTest" time="15.911" errors="1" skipped="0">
  <properties>
[...]
</properties>
  <testcase classname="User Registration and Add item to Cart with validations using Chrome browser" name="User Registration and Adds item to Cart" time="15.911">
    <error type="java.lang.NullPointerException">java.lang.NullPointerException
	at com.uiautomation.util.ExcelUtils.getLastRowCount(ExcelUtils.java:99)
	at com.uiautomation.pageObjects.SignInPage.enterEmailID(SignInPage.java:47)
	at hellocucumber.SignInPageStepDef.registerEmailID(SignInPageStepDef.java:15)
	at ✽.User registers with valid emailID post validation for incorrect emailID(hellocucumber/chromeUIAutomation.feature:9)
</error>
    <system-out>Feature: User Registration and Add item to Cart with validations using Chrome browser

  @chromeUIAutomation
  Scenario: User Registration and Adds item to Cart                              &amp;#27;[90m# hellocucumber/chromeUIAutomation.feature:6&amp;#27;[0m
    &amp;#27;[32mGiven &amp;#27;[0m&amp;#27;[32mUser is on Homepage&amp;#27;[0m                                                    &amp;#27;[90m# HomePageStepDef.homePageValidation()&amp;#27;[0m
    &amp;#27;[32mAnd &amp;#27;[0m&amp;#27;[32mUser navigates to SignIn Page&amp;#27;[0m                                            &amp;#27;[90m# HomePageStepDef.clickSignInLink()&amp;#27;[0m
    &amp;#27;[31mWhen &amp;#27;[0m&amp;#27;[31mUser registers with valid emailID post validation for incorrect emailID&amp;#27;[0m &amp;#27;[90m# SignInPageStepDef.registerEmailID()&amp;#27;[0m
      &amp;#27;[31mjava.lang.NullPointerException
	at com.uiautomation.util.ExcelUtils.getLastRowCount(ExcelUtils.java:99)
	at com.uiautomation.pageObjects.SignInPage.enterEmailID(SignInPage.java:47)
	at hellocucumber.SignInPageStepDef.registerEmailID(SignInPageStepDef.java:15)
	at ?.User registers with valid emailID post validation for incorrect emailID(hellocucumber/chromeUIAutomation.feature:9)
&amp;#27;[0m
    &amp;#27;[36mAnd &amp;#27;[0m&amp;#27;[36mUser enters form details for registration&amp;#27;[0m                                &amp;#27;[90m# UserAccRegistrationStepDef.userRegistrationWithValidations()&amp;#27;[0m
    &amp;#27;[36mThen &amp;#27;[0m&amp;#27;[36mUser navigates to MegaMenu Dresses&amp;#27;[0m                                      &amp;#27;[90m# MyAccPageStepDef.userNavToMegaMenu_Dresses()&amp;#27;[0m
    &amp;#27;[36mAnd &amp;#27;[0m&amp;#27;[36mSelects Summer Dresses SubMenu&amp;#27;[0m                                           &amp;#27;[90m# MyAccPageStepDef.selectsSummerDressesMenu()&amp;#27;[0m
    &amp;#27;[36mAnd &amp;#27;[0m&amp;#27;[36mVerify if grid view is selected&amp;#27;[0m                                          &amp;#27;[90m# SummDressPageStepDef.verifyGridVew()&amp;#27;[0m
    &amp;#27;[36mThen &amp;#27;[0m&amp;#27;[36mUser sorts items by price&amp;#27;[0m                                               &amp;#27;[90m# SummDressPageStepDef.sortByPrice_highestFirst()&amp;#27;[0m
    &amp;#27;[36mAnd &amp;#27;[0m&amp;#27;[36mvalidate if product grid is arranged properly&amp;#27;[0m                            &amp;#27;[90m# SummDressPageStepDef.validateGridPostSort()&amp;#27;[0m
    &amp;#27;[36mThen &amp;#27;[0m&amp;#27;[36mUser selects a product&amp;#27;[0m                                                  &amp;#27;[90m# SummDressPageStepDef.user_selects_a_product()&amp;#27;[0m
    &amp;#27;[36mAnd &amp;#27;[0m&amp;#27;[36mUser changes colour of product&amp;#27;[0m                                           &amp;#27;[90m# AddToCartPageStepDef.changeProductColour()&amp;#27;[0m
    &amp;#27;[36mThen &amp;#27;[0m&amp;#27;[36mAdd product to cart and checkout&amp;#27;[0m                                        &amp;#27;[90m# AddToCartPageStepDef.checkoutProduct()&amp;#27;[0m
    &amp;#27;[36mAnd &amp;#27;[0m&amp;#27;[36mValidate Cart Summary details for selected product details&amp;#27;[0m               &amp;#27;[90m# CartSummaryPageStepDef.validateCartSummary()&amp;#27;[0m
    &amp;#27;[36mThen &amp;#27;[0m&amp;#27;[36mUser SignsOut&amp;#27;[0m                                                           &amp;#27;[90m# CartSummaryPageStepDef.signOut()&amp;#27;[0m
</system-out>
    <system-err>Starting ChromeDriver 2.38.552522 (437e6fbedfa8762dec75e2c5b3ddb86763dc9dcb) on port 42412
Only local connections are allowed.
Feb 18, 2019 1:50:23 PM org.openqa.selenium.remote.ProtocolHandshake createSession
INFO: Detected dialect: OSS
java.io.FileNotFoundException: nullUIAutomationTestData.xlsx (The system cannot find the file specified)
	at java.io.FileInputStream.open0(Native Method)
	at java.io.FileInputStream.open(FileInputStream.java:195)
	at java.io.FileInputStream.&lt;init&gt;(FileInputStream.java:138)
	at java.io.FileInputStream.&lt;init&gt;(FileInputStream.java:93)
	at com.uiautomation.util.ExcelUtils.setExcelFileSheet(ExcelUtils.java:71)
	at com.uiautomation.pageObjects.SignInPage.enterEmailID(SignInPage.java:45)
	at hellocucumber.SignInPageStepDef.registerEmailID(SignInPageStepDef.java:15)
	at sun.reflect.NativeMethodAccessorImpl.invoke0(Native Method)
	at sun.reflect.NativeMethodAccessorImpl.invoke(NativeMethodAccessorImpl.java:62)
	at sun.reflect.DelegatingMethodAccessorImpl.invoke(DelegatingMethodAccessorImpl.java:43)
	at java.lang.reflect.Method.invoke(Method.java:498)
	at cucumber.runtime.Utils$1.call(Utils.java:32)
	at cucumber.runtime.Timeout.timeout(Timeout.java:16)
	at cucumber.runtime.Utils.invoke(Utils.java:26)
	at cucumber.runtime.java.JavaStepDefinition.execute(JavaStepDefinition.java:37)
	at cucumber.runtime.StepDefinitionMatch.runStep(StepDefinitionMatch.java:40)
	at cucumber.api.TestStep.executeStep(TestStep.java:102)
	at cucumber.api.TestStep.run(TestStep.java:83)
	at cucumber.api.TestCase.run(TestCase.java:58)
	at cucumber.runner.Runner.runPickle(Runner.java:80)
	at cucumber.runtime.junit.PickleRunners$NoStepDescriptions.run(PickleRunners.java:140)
	at cucumber.runtime.junit.FeatureRunner.runChild(FeatureRunner.java:68)
	at cucumber.runtime.junit.FeatureRunner.runChild(FeatureRunner.java:23)
	at org.junit.runners.ParentRunner$3.run(ParentRunner.java:290)
	at org.junit.runners.ParentRunner$1.schedule(ParentRunner.java:71)
	at org.junit.runners.ParentRunner.runChildren(ParentRunner.java:288)
	at org.junit.runners.ParentRunner.access$000(ParentRunner.java:58)
	at org.junit.runners.ParentRunner$2.evaluate(ParentRunner.java:268)
	at org.junit.runners.ParentRunner.run(ParentRunner.java:363)
	at cucumber.runtime.junit.FeatureRunner.run(FeatureRunner.java:73)
	at cucumber.api.junit.Cucumber.runChild(Cucumber.java:117)
	at cucumber.api.junit.Cucumber.runChild(Cucumber.java:55)
	at org.junit.runners.ParentRunner$3.run(ParentRunner.java:290)
	at org.junit.runners.ParentRunner$1.schedule(ParentRunner.java:71)
	at org.junit.runners.ParentRunner.runChildren(ParentRunner.java:288)
	at org.junit.runners.ParentRunner.access$000(ParentRunner.java:58)
	at org.junit.runners.ParentRunner$2.evaluate(ParentRunner.java:268)
	at cucumber.api.junit.Cucumber$1.evaluate(Cucumber.java:126)
	at org.junit.runners.ParentRunner.run(ParentRunner.java:363)
	at org.apache.maven.surefire.junit4.JUnit4Provider.execute(JUnit4Provider.java:252)
	at org.apache.maven.surefire.junit4.JUnit4Provider.executeTestSet(JUnit4Provider.java:141)
	at org.apache.maven.surefire.junit4.JUnit4Provider.invoke(JUnit4Provider.java:112)
	at sun.reflect.NativeMethodAccessorImpl.invoke0(Native Method)
	at sun.reflect.NativeMethodAccessorImpl.invoke(NativeMethodAccessorImpl.java:62)
	at sun.reflect.DelegatingMethodAccessorImpl.invoke(DelegatingMethodAccessorImpl.java:43)
	at java.lang.reflect.Method.invoke(Method.java:498)
	at org.apache.maven.surefire.util.ReflectionUtils.invokeMethodWithArray(ReflectionUtils.java:189)
	at org.apache.maven.surefire.booter.ProviderFactory$ProviderProxy.invoke(ProviderFactory.java:165)
	at org.apache.maven.surefire.booter.ProviderFactory.invokeProvider(ProviderFactory.java:85)
	at org.apache.maven.surefire.booter.ForkedBooter.runSuitesInProcess(ForkedBooter.java:115)
	at org.apache.maven.surefire.booter.ForkedBooter.main(ForkedBooter.java:75)
</system-err>
  </testcase>
</testsuite>